ISim log file
Running: D:\Jonathan Hubbard\DSD2\Lab4\Projects\Lab4\Usr_interaction_tb_isim_par.exe -intstyle ise -gui -sdfmax /uut/=netgen/par/Usr_interaction_timesim.sdf -sdfroot /uut -tclbatch isim.cmd -wdb D:/Jonathan Hubbard/DSD2/Lab4/Projects/Lab4/Usr_interaction_tb_isim_par.wdb 
INFO: There is another simulation running in the same directory. Using database file name isim1.wdb.
ISim P.20131013 (signature 0x7708f090)
----------------------------------------------------------------------
INFO:Security:51 - The XILINXD_LICENSE_FILE environment variable is not set.
INFO:Security:52 - The LM_LICENSE_FILE environment variable is set to '1700@klein.ce.rit.edu;1717@klein.ce.rit.edu;2100@klein.ce.rit.edu;1818@klein.ce.rit.edu;27000@klein.ce.rit.edu;27001@klein.ce.rit.edu;5280@kgcoe-license.main.ad.rit.edu'.
WARNING:Security:43 - No license file was found in the standard Xilinx license directory.
WARNING:Security:44 - Since no license file was found,
       please run the Xilinx License Configuration Manager
       (xlcm or "Manage Xilinx Licenses")
       to assist in obtaining a license.
WARNING:Security:42 - Your software subscription period has lapsed. Your current version of Xilinx tools will continue to function, but you no longer qualify for Xilinx software updates or new releases.


----------------------------------------------------------------------
This is a Full version of ISim.
INFO: SDF backannotation was successful with SDF file netgen/par/Usr_interaction_timesim.sdf, for root module /uut/.
Time resolution is 1 ps
# onerror resume
# wave add /
# run 1000 ns
Simulator is doing circuit initialization process.
Finished circuit initialization process.
# run 1 s
Stopped at time : 3886815 ns : File "D:/Jonathan Hubbard/DSD2/Lab4/Code/Usr_interaction_tb.vhd" Line 134
