Release 14.7 - ngc2edif P.20131013 (nt64)
Copyright (c) 1995-2013 Xilinx, Inc.  All rights reserved.
Reading design Usr_interaction.ngc ...
WARNING:NetListWriters:298 - No output is written to Usr_interaction.xncf,
   ignored.
Processing design ...
   Preping design's networks ...
   Preping design's macros ...
WARNING:NetListWriters:306 - Signal bus
   instance0_vending_machine_controller/amt_dep_temp2<8 : 4> on block
   Usr_interaction is not reconstructed, because there are some missing bus
   signals.
  finished :Prep
Writing EDIF netlist file Usr_interaction.edif ...
ngc2edif: Total memory usage is 79740 kilobytes

Release 14.7 - ngc2edif P.20131013 (nt64)
Copyright (c) 1995-2013 Xilinx, Inc.  All rights reserved.
Reading design Usr_interaction.ngc ...
WARNING:NetListWriters:298 - No output is written to Usr_interaction.xncf,
   ignored.
Processing design ...
   Preping design's networks ...
   Preping design's macros ...
WARNING:NetListWriters:306 - Signal bus
   instance0_vending_machine_controller/amt_dep_temp2<8 : 4> on block
   Usr_interaction is not reconstructed, because there are some missing bus
   signals.
  finished :Prep
Writing EDIF netlist file Usr_interaction.edif ...
ngc2edif: Total memory usage is 79828 kilobytes

Release 14.7 - ngc2edif P.20131013 (nt64)
Copyright (c) 1995-2013 Xilinx, Inc.  All rights reserved.
Reading design Usr_interaction.ngc ...
WARNING:NetListWriters:298 - No output is written to Usr_interaction.xncf,
   ignored.
Processing design ...
   Preping design's networks ...
   Preping design's macros ...
WARNING:NetListWriters:306 - Signal bus
   instance0_vending_machine_controller/amt_dep_temp2<8 : 3> on block
   Usr_interaction is not reconstructed, because there are some missing bus
   signals.
  finished :Prep
Writing EDIF netlist file Usr_interaction.edif ...
ngc2edif: Total memory usage is 80468 kilobytes

Release 14.7 - ngc2edif P.20131013 (nt64)
Copyright (c) 1995-2013 Xilinx, Inc.  All rights reserved.
Reading design Usr_interaction.ngc ...
WARNING:NetListWriters:298 - No output is written to Usr_interaction.xncf,
   ignored.
Processing design ...
   Preping design's networks ...
   Preping design's macros ...
WARNING:NetListWriters:306 - Signal bus
   instance0_vending_machine_controller/amt_dep_temp2<8 : 3> on block
   Usr_interaction is not reconstructed, because there are some missing bus
   signals.
  finished :Prep
Writing EDIF netlist file Usr_interaction.edif ...
ngc2edif: Total memory usage is 80468 kilobytes

Release 14.7 - ngc2edif P.20131013 (nt64)
Copyright (c) 1995-2013 Xilinx, Inc.  All rights reserved.
Reading design Usr_interaction.ngc ...
WARNING:NetListWriters:298 - No output is written to Usr_interaction.xncf,
   ignored.
Processing design ...
   Preping design's networks ...
   Preping design's macros ...
WARNING:NetListWriters:306 - Signal bus
   instance0_vending_machine_controller/amt_dep_temp2<8 : 3> on block
   Usr_interaction is not reconstructed, because there are some missing bus
   signals.
  finished :Prep
Writing EDIF netlist file Usr_interaction.edif ...
ngc2edif: Total memory usage is 80468 kilobytes

