
****** PlanAhead v14.7 (64-bit)
  **** Build 321239 by xbuild on Fri Sep 27 19:29:51 MDT 2013
    ** Copyright 1986-1999, 2001-2013 Xilinx, Inc. All Rights Reserved.

INFO: [Common 17-78] Attempting to get a license: PlanAhead
INFO: [Common 17-290] Got license for PlanAhead
INFO: [Device 21-36] Loading parts and site information from C:/Xilinx/14.7/ISE_DS/PlanAhead/data/parts/arch.xml
Parsing RTL primitives file [C:/Xilinx/14.7/ISE_DS/PlanAhead/data/parts/xilinx/rtl/prims/rtl_prims.xml]
Finished parsing RTL primitives file [C:/Xilinx/14.7/ISE_DS/PlanAhead/data/parts/xilinx/rtl/prims/rtl_prims.xml]
start_gui
source {C:/Users/Jon/Google Drive/Year 2 Semester 2/DSD 2/Lab4/Projects/Lab4/pa.fromNetlist.tcl}
# create_project -name Lab4 -dir "C:/Users/Jon/Google Drive/Year 2 Semester 2/DSD 2/Lab4/Projects/Lab4/planAhead_run_1" -part xc6slx16csg324-3
# set_property design_mode GateLvl [get_property srcset [current_run -impl]]
# set_property edif_top_file "C:/Users/Jon/Google Drive/Year 2 Semester 2/DSD 2/Lab4/Projects/Lab4/Usr_interaction.ngc" [ get_property srcset [ current_run ] ]
# add_files -norecurse { {C:/Users/Jon/Google Drive/Year 2 Semester 2/DSD 2/Lab4/Projects/Lab4} }
# set_property target_constrs_file "Usr_interaction.ucf" [current_fileset -constrset]
Adding file 'C:/Users/Jon/Google Drive/Year 2 Semester 2/DSD 2/Lab4/Projects/Lab4/Usr_interaction.ucf' to fileset 'constrs_1'
# add_files [list {Usr_interaction.ucf}] -fileset [get_property constrset [current_run]]
# link_design
Design is defaulting to srcset: sources_1
Design is defaulting to constrset: constrs_1
Design is defaulting to project part: xc6slx16csg324-3
Release 14.7 - ngc2edif P.20131013 (nt64)
Copyright (c) 1995-2013 Xilinx, Inc.  All rights reserved.
Reading design Usr_interaction.ngc ...
WARNING:NetListWriters:298 - No output is written to Usr_interaction.xncf,
   ignored.
Processing design ...
   Preping design's networks ...
   Preping design's macros ...
WARNING:NetListWriters:306 - Signal bus
   instance0_vending_machine_controller/amt_dep_temp2<8 : 4> on block
   Usr_interaction is not reconstructed, because there are some missing bus
   signals.
  finished :Prep
Writing EDIF netlist file Usr_interaction.edif ...
ngc2edif: Total memory usage is 79740 kilobytes

Parsing EDIF File [./planAhead_run_1/Lab4.data/cache/Usr_interaction_ngc_zx.edif]
Finished Parsing EDIF File [./planAhead_run_1/Lab4.data/cache/Usr_interaction_ngc_zx.edif]
INFO: [Netlist 29-17] Analyzing 1 Unisim elements for replacement
INFO: [Netlist 29-28] Unisim Transformation completed in 0 CPU seconds
Loading clock regions from C:/Xilinx/14.7/ISE_DS/PlanAhead/data\parts/xilinx/spartan6/spartan6lx/xc6slx16/ClockRegion.xml
Loading clock buffers from C:/Xilinx/14.7/ISE_DS/PlanAhead/data\parts/xilinx/spartan6/spartan6lx/xc6slx16/ClockBuffers.xml
Loading package pin functions from C:/Xilinx/14.7/ISE_DS/PlanAhead/data\parts/xilinx/spartan6/PinFunctions.xml...
Loading package from C:/Xilinx/14.7/ISE_DS/PlanAhead/data\parts/xilinx/spartan6/spartan6lx/xc6slx16/csg324/Package.xml
Loading io standards from C:/Xilinx/14.7/ISE_DS/PlanAhead/data\./parts/xilinx/spartan6/IOStandards.xml
Loading device configuration modes from C:/Xilinx/14.7/ISE_DS/PlanAhead/data\parts/xilinx/spartan6/ConfigModes.xml
Loading list of drcs for the architecture : C:/Xilinx/14.7/ISE_DS/PlanAhead/data\./parts/xilinx/spartan6/drc.xml
Parsing UCF File [C:/Users/Jon/Google Drive/Year 2 Semester 2/DSD 2/Lab4/Projects/Lab4/Usr_interaction.ucf]
Finished Parsing UCF File [C:/Users/Jon/Google Drive/Year 2 Semester 2/DSD 2/Lab4/Projects/Lab4/Usr_interaction.ucf]
INFO: [Project 1-111] Unisim Transformation Summary:
  A total of 1 instances were transformed.
  BUFGP => BUFGP (IBUF, BUFG): 1 instances

Phase 0 | Netlist Checksum: 62445944
link_design: Time (s): elapsed = 00:00:12 . Memory (MB): peak = 602.359 ; gain = 171.238
set_property package_pin "" [get_ports [list  CBn_out]]
startgroup
set_property package_pin T17 [get_ports CAn_out]
endgroup
startgroup
set_property package_pin T18 [get_ports CBn_out]
endgroup
startgroup
set_property package_pin U17 [get_ports CCn_out]
endgroup
startgroup
set_property package_pin U18 [get_ports CDn_out]
endgroup
startgroup
set_property package_pin M14 [get_ports CEn_out]
endgroup
startgroup
set_property package_pin N14 [get_ports CFn_out]
endgroup
startgroup
set_property package_pin L14 [get_ports CGn_out]
endgroup
startgroup
set_property package_pin V10 [get_ports Clk_in]
endgroup
set_property package_pin "" [get_ports [list  ones_anode_out]]
startgroup
set_property package_pin N16 [get_ports ones_anode_out]
endgroup
startgroup
set_property package_pin N15 [get_ports tens_anode_out]
endgroup
startgroup
set_property package_pin P18 [get_ports hund_anode_out]
endgroup
startgroup
set_property package_pin C4 [get_ports Qrcd_in]
endgroup
startgroup
set_property package_pin B8 [get_ports Drcd_in]
endgroup
startgroup
set_property package_pin D9 [get_ports Nrcd_in]
endgroup
startgroup
set_property package_pin C9 [get_ports Soda_req_in]
endgroup
startgroup
set_property package_pin T10 [get_ports {Soda_price_in[0]}]
endgroup
startgroup
set_property package_pin T9 [get_ports {Soda_price_in[1]}]
endgroup
startgroup
set_property package_pin V9 [get_ports {Soda_price_in[2]}]
endgroup
startgroup
set_property package_pin M8 [get_ports {Soda_price_in[3]}]
endgroup
startgroup
set_property package_pin N8 [get_ports Reset_n_in]
endgroup
startgroup
set_property package_pin U16 [get_ports Nrcd_out]
endgroup
startgroup
set_property package_pin V16 [get_ports Drcd_out]
endgroup
startgroup
set_property package_pin U15 [get_ports Qrcd_out]
endgroup
startgroup
set_property package_pin M11 [get_ports Drop_soda_out]
endgroup
startgroup
set_property package_pin N11 [get_ports Amt_err]
endgroup
save_constraints
exit
ERROR: [Common 17-39] 'stop_gui' failed due to earlier errors.
INFO: [Common 17-206] Exiting PlanAhead at Tue Mar 27 15:19:45 2018...
INFO: [Common 17-83] Releasing license: PlanAhead
